[2014-11-16 02:18:51] START
[2014-11-16 12:26:03] CREATE test.py: 0
[2014-11-16 12:26:56] EDIT Rashmi1/controllers/test.py: 1
[2014-11-16 12:26:57] EDIT Rashmi1/controllers/test.py: 0
[2014-11-16 12:26:57] EDIT Rashmi1/controllers/test.py: 0
[2014-11-16 12:26:57] EDIT Rashmi1/controllers/test.py: 0
[2014-11-16 12:26:57] EDIT Rashmi1/controllers/test.py: 0
[2014-11-16 13:16:19] CREATE db1.py: 0
[2014-11-16 15:22:41] EDIT Rashmi1/models/db.py: -6
[2014-11-16 15:22:43] EDIT Rashmi1/models/db.py: 0
[2014-11-16 15:22:43] EDIT Rashmi1/models/db.py: 0
[2014-11-16 15:29:52] EDIT Rashmi1/models/db.py: 0
[2014-11-16 15:29:52] EDIT Rashmi1/models/db.py: 0
[2014-11-16 15:29:52] EDIT Rashmi1/models/db.py: 0
[2014-11-16 15:30:59] EDIT Rashmi1/models/db.py: 0
[2014-11-16 15:30:59] EDIT Rashmi1/models/db.py: 0
[2014-11-16 15:31:00] EDIT Rashmi1/models/db.py: 0
[2014-11-16 15:33:21] EDIT Rashmi1/models/db.py: 0
[2014-11-16 15:39:21] EDIT Rashmi1/controllers/default.py: -6
[2014-11-16 15:39:21] EDIT Rashmi1/controllers/default.py: 0
[2014-11-16 15:39:35] EDIT Rashmi1/controllers/default.py: 0
[2014-11-16 15:40:47] EDIT Rashmi1/controllers/default.py: 0
[2014-11-16 15:40:48] EDIT Rashmi1/controllers/default.py: 0
[2014-11-16 15:40:48] EDIT Rashmi1/controllers/default.py: 0
[2014-11-16 15:42:08] EDIT Rashmi1/views/default/index.html: -28
[2014-11-16 15:48:41] EDIT Rashmi1/models/db.py: 0
[2014-11-16 15:48:42] EDIT Rashmi1/models/db.py: 0
[2014-11-16 15:48:42] EDIT Rashmi1/models/db.py: 0
[2014-11-16 15:48:42] EDIT Rashmi1/models/db.py: 0
[2014-11-16 15:51:49] EDIT Rashmi1/models/db.py: 0
[2014-11-16 15:51:49] EDIT Rashmi1/models/db.py: 0
[2014-11-16 15:51:49] EDIT Rashmi1/models/db.py: 0
[2014-11-16 15:54:38] EDIT Rashmi1/models/db.py: 0
[2014-11-16 15:54:38] EDIT Rashmi1/models/db.py: 0
[2014-11-16 15:54:38] EDIT Rashmi1/models/db.py: 0
[2014-11-16 15:54:40] EDIT Rashmi1/models/db.py: 0
[2014-11-16 15:54:40] EDIT Rashmi1/models/db.py: 0
[2014-11-16 15:54:52] EDIT Rashmi1/models/db.py: 0
[2014-11-16 15:54:52] EDIT Rashmi1/models/db.py: 0
[2014-11-16 15:54:53] EDIT Rashmi1/models/db.py: 0
[2014-11-16 15:54:55] EDIT Rashmi1/models/db.py: 0
[2014-11-16 15:58:27] EDIT Rashmi1/models/db.py: 0
[2014-11-16 15:58:27] EDIT Rashmi1/models/db.py: 0
[2014-11-16 23:41:19] EDIT Rashmi1/models/db.py: 10
[2014-11-16 23:41:19] EDIT Rashmi1/models/db.py: 0
[2014-11-16 23:41:28] EDIT Rashmi1/models/db.py: 0
[2014-11-16 23:41:28] EDIT Rashmi1/models/db.py: 0
[2014-11-16 23:46:35] EDIT Rashmi1/models/db.py: 0
[2014-11-16 23:47:26] EDIT Rashmi1/controllers/default.py: 0
[2014-11-16 23:47:27] EDIT Rashmi1/controllers/default.py: 0
[2014-11-16 23:47:27] EDIT Rashmi1/controllers/default.py: 0
[2014-11-16 23:52:04] EDIT Rashmi1/models/db.py: 1
[2014-11-16 23:52:04] EDIT Rashmi1/models/db.py: 0
[2014-11-16 23:52:04] EDIT Rashmi1/models/db.py: 0
[2014-11-16 23:52:05] EDIT Rashmi1/models/db.py: 0
